<?xml version="1.0" encoding="UTF-8"?>
<!-- Generated by org.testng.reporters.JUnitXMLReporter -->
<testsuite hostname="MSI" name="Test" tests="1" failures="1" timestamp="21 Aug 2017 20:14:16 GMT" time="5.081" errors="0">
  <testcase name="testPetClinic" time="0.153" classname="test.ApplicationTest">
    <failure type="java.lang.AssertionError" message="expected [true] but found [false]">
      <![CDATA[java.lang.AssertionError: expected [true] but found [false]
	at test.ApplicationTest.testPetClinic(ApplicationTest.java:21)
... Removed 28 stack frames]]>
    </failure>
  </testcase> <!-- testPetClinic -->
</testsuite> <!-- Test -->
